<?xml version="1.0" encoding="UTF-8"?>
<!-- Generated by org.testng.reporters.JUnitReportReporter -->
<testsuite hostname="Suji-Laptop" failures="0" tests="1" name="runner.LoginTest$TestRunner" time="27.039" errors="0" timestamp="2025-03-11T11:10:22 IST" skipped="0">
  <testcase classname="runner.LoginTest$TestRunner" name="runScenario" time="27.039"/>
  <system-out/>
</testsuite> <!-- runner.LoginTest$TestRunner -->
